2025-03-21 15:49:51+0800: Running with following config:
logDir = analysis_logs
maxVisits = 500
nnCacheSizePowerOfTwo = 23
nnMaxBatchSize = 64
nnMutexPoolSizePowerOfTwo = 17
nnRandomize = true
numAnalysisThreads = 2
numSearchThreads = 16
reportAnalysisWinratesAs = BLACK

2025-03-21 15:49:51+0800: Analysis Engine starting...
2025-03-21 15:49:51+0800: KataGo v1.15.3
2025-03-21 15:49:51+0800: nnRandSeed0 = 5367381391256825021
2025-03-21 15:49:51+0800: After dedups: nnModelFile0 = C:\Users\Legen\OneDrive\Documents\GitHub\LinGo\Katago\g170-b6c96-s175395328-d26788732.bin.gz useFP16 auto useNHWC auto
2025-03-21 15:49:51+0800: Initializing neural net buffer to be size 19 * 19 allowing smaller boards
2025-03-21 15:49:51+0800: Eigen (CPU) backend thread 2: Model version 8
2025-03-21 15:49:51+0800: Eigen (CPU) backend thread 2: Model name: g170-b6c96-s175395328-d26788732
2025-03-21 15:49:51+0800: Eigen (CPU) backend thread 1: Model version 8
2025-03-21 15:49:51+0800: Eigen (CPU) backend thread 1: Model name: g170-b6c96-s175395328-d26788732
2025-03-21 15:49:51+0800: Eigen (CPU) backend thread 3: Model version 8
2025-03-21 15:49:51+0800: Eigen (CPU) backend thread 3: Model name: g170-b6c96-s175395328-d26788732
2025-03-21 15:49:51+0800: Eigen (CPU) backend thread 4: Model version 8
2025-03-21 15:49:51+0800: Eigen (CPU) backend thread 0: Model version 8
2025-03-21 15:49:51+0800: Eigen (CPU) backend thread 7: Model version 8
2025-03-21 15:49:51+0800: Eigen (CPU) backend thread 7: Model name: g170-b6c96-s175395328-d26788732
2025-03-21 15:49:51+0800: Eigen (CPU) backend thread 6: Model version 8
2025-03-21 15:49:51+0800: Eigen (CPU) backend thread 4: Model name: g170-b6c96-s175395328-d26788732
2025-03-21 15:49:51+0800: Eigen (CPU) backend thread 0: Model name: g170-b6c96-s175395328-d26788732
2025-03-21 15:49:51+0800: Eigen (CPU) backend thread 5: Model version 8
2025-03-21 15:49:51+0800: Eigen (CPU) backend thread 6: Model name: g170-b6c96-s175395328-d26788732
2025-03-21 15:49:51+0800: Eigen (CPU) backend thread 5: Model name: g170-b6c96-s175395328-d26788732
2025-03-21 15:49:51+0800: Loaded config C:\Users\Legen\OneDrive\Documents\GitHub\LinGo\Katago\analysis_example.cfg
2025-03-21 15:49:51+0800: Loaded model C:\Users\Legen\OneDrive\Documents\GitHub\LinGo\Katago\g170-b6c96-s175395328-d26788732.bin.gz
2025-03-21 15:49:51+0800: Analyzing up to 2 positions at a time in parallel
2025-03-21 15:49:51+0800: Started, ready to begin handling requests
